<?xml version="1.0" encoding="UTF-8"?>
<!-- Generated by org.testng.reporters.JUnitXMLReporter -->
<testsuite ignored="0" hostname="DESKTOP-B6NN9JJ" failures="0" tests="8" name="Default test" time="17.95" errors="0" timestamp="2023-09-01T20:15:17 IST">
  <testcase classname="mandatoryHomeWork.mentorHomeWork.api.pojo.Tc_PojoChaining" name="pingCheckMethod" time="3.504"/>
  <testcase classname="mandatoryHomeWork.mentorHomeWork.api.pojo.Tc_PojoChaining" name="authCreation" time="1.837"/>
  <testcase classname="mandatoryHomeWork.mentorHomeWork.api.pojo.Tc_PojoChaining" name="createBooking" time="1.898"/>
  <testcase classname="mandatoryHomeWork.mentorHomeWork.api.pojo.Tc_PojoChaining" name="getBooking" time="2.026"/>
  <testcase classname="mandatoryHomeWork.mentorHomeWork.api.pojo.Tc_PojoChaining" name="updateBooking" time="1.856"/>
  <testcase classname="mandatoryHomeWork.mentorHomeWork.api.pojo.Tc_PojoChaining" name="getBookingFilterID" time="1.825"/>
  <testcase classname="mandatoryHomeWork.mentorHomeWork.api.pojo.Tc_PojoChaining" name="deleteBooking" time="1.975"/>
  <testcase classname="mandatoryHomeWork.mentorHomeWork.api.pojo.Tc_PojoChaining" name="verifyDeleteBooking" time="2.254"/>
</testsuite> <!-- Default test -->
