<?xml version="1.0" encoding="UTF-8"?>
<!-- Generated by org.testng.reporters.JUnitXMLReporter -->
<testsuite ignored="0" hostname="DESKTOP-B6NN9JJ" failures="0" tests="4" name="Default test" time="7.406" errors="0" timestamp="2023-08-18T15:54:44 IST">
  <testcase classname="mandatoryHomeWork.mentorHomeWork.api.restfullBookingChaining.AuthCreation_Restful_Booking" name="authCreation" time="2.832"/>
  <testcase classname="mandatoryHomeWork.mentorHomeWork.api.restfullBookingChaining.CreateBooking_Restful_Booking" name="createBooking" time="1.312"/>
  <testcase classname="mandatoryHomeWork.mentorHomeWork.api.restfullBookingChaining.UpdateBooking_Restful_Booking" name="updateBooking" time="1.341"/>
  <testcase classname="mandatoryHomeWork.mentorHomeWork.api.restfullBookingChaining.DeleteBooking_Restful_Booking" name="deleteBooking" time="1.311"/>
</testsuite> <!-- Default test -->
