<?xml version="1.0" encoding="UTF-8"?>
<testng-results ignored="0" total="1" passed="1" failed="0" skipped="0">
  <reporter-output>
  </reporter-output>
  <suite started-at="2023-08-18T21:25:41 IST" name="Default suite" finished-at="2023-08-18T21:25:49 IST" duration-ms="7947">
    <groups>
    </groups>
    <test started-at="2023-08-18T21:25:41 IST" name="Default test" finished-at="2023-08-18T21:25:49 IST" duration-ms="7947">
      <class name="mandatoryHomeWork.mentorHomeWork.api.pojo.UserCreateWithArray_pojo_Imp">
        <test-method signature="createUserFrom_pojoClass()[pri:0, instance:mandatoryHomeWork.mentorHomeWork.api.pojo.UserCreateWithArray_pojo_Imp@30c15d8b]" started-at="2023-08-18T21:25:42 IST" name="createUserFrom_pojoClass" finished-at="2023-08-18T21:25:49 IST" duration-ms="7809" status="PASS">
          <reporter-output>
          </reporter-output>
        </test-method> <!-- createUserFrom_pojoClass -->
      </class> <!-- mandatoryHomeWork.mentorHomeWork.api.pojo.UserCreateWithArray_pojo_Imp -->
    </test> <!-- Default test -->
  </suite> <!-- Default suite -->
</testng-results>
